<?xml version="1.0" encoding="UTF-8"?>
<!-- Generated by org.testng.reporters.JUnitXMLReporter -->
<testsuite ignored="2" hostname="Kop" failures="0" tests="1" name="Test" time="8.565" errors="0" timestamp="2021-10-23T10:36:12 ICT">
  <testcase classname="TH_23_10_2021_APPLIED_TESTNG.TCs_Exercise2" name="findOneFlightTicketTest" time="8.527"/>
  <testcase classname="TH_23_10_2021_APPLIED_TESTNG.TCs_Exercise2" name="logInTest" time="0.0">
    <ignored/>
  </testcase> <!-- logInTest -->
  <testcase classname="TH_23_10_2021_APPLIED_TESTNG.TCs_Exercise2" name="clickRegisterLinkTest" time="0.0">
    <ignored/>
  </testcase> <!-- clickRegisterLinkTest -->
</testsuite> <!-- Test -->
