<?xml version="1.0" encoding="UTF-8"?>
<!-- Generated by org.testng.reporters.JUnitXMLReporter -->
<testsuite ignored="0" hostname="Kop" failures="1" tests="5" name="Test" time="0.053" errors="0" timestamp="2021-10-16T00:01:34 ICT">
  <testcase classname="TH_15_10_2021_TODAY.AbstractClass" name="@BeforeTest testcaseSetUp" time="-1.634317294067E9">
    <failure type="org.testng.TestNGException" message="
Can inject only one of &amp;lt;ITestContext, XmlTest&amp;gt; into a @BeforeTest annotated testcaseSetUp.
For more information on native dependency injection please refer to https://testng.org/doc/documentation-main.html#native-dependency-injection">
      <![CDATA[org.testng.TestNGException: 
Can inject only one of <ITestContext, XmlTest> into a @BeforeTest annotated testcaseSetUp.
For more information on native dependency injection please refer to https://testng.org/doc/documentation-main.html#native-dependency-injection
... Removed 21 stack frames]]>
    </failure>
  </testcase> <!-- @BeforeTest testcaseSetUp -->
  <testcase classname="TH_15_10_2021_TODAY.AbstractClass" name="@AfterTest testCaseTearDown" time="-1.634317294116E9">
    <skipped/>
  </testcase> <!-- @AfterTest testCaseTearDown -->
  <testcase classname="TH_15_10_2021_TODAY.TCs_HandleTableFunctions" name="getTotalColumnNumberTest" time="0.0">
    <skipped/>
  </testcase> <!-- getTotalColumnNumberTest -->
  <testcase classname="TH_15_10_2021_TODAY.TCs_HandleTableFunctions" name="getRowNumberByValueTest" time="0.0">
    <failure type="org.testng.TestNGException" message="
Method public void TH_15_10_2021_TODAY.TCs_HandleTableFunctions.getRowNumberByValueTest() throws java.lang.InterruptedException requires a @DataProvider named : none">
      <![CDATA[org.testng.TestNGException: 
Method public void TH_15_10_2021_TODAY.TCs_HandleTableFunctions.getRowNumberByValueTest() throws java.lang.InterruptedException requires a @DataProvider named : none
at java.base/java.util.ArrayList.forEach(ArrayList.java:1541)
... Removed 24 stack frames]]>
    </failure>
  </testcase> <!-- getRowNumberByValueTest -->
  <testcase classname="TH_15_10_2021_TODAY.TCs_HandleTableFunctions" name="getTotalRowNumberTest" time="0.0">
    <skipped/>
  </testcase> <!-- getTotalRowNumberTest -->
  <testcase classname="TH_15_10_2021_TODAY.TCs_HandleTableFunctions" name="getTableCellValueTest" time="0.0">
    <skipped/>
  </testcase> <!-- getTableCellValueTest -->
  <testcase classname="TH_15_10_2021_TODAY.TCs_HandleTableFunctions" name="checkIfItemIsAppeared" time="0.0">
    <skipped/>
  </testcase> <!-- checkIfItemIsAppeared -->
</testsuite> <!-- Test -->
