<?xml version="1.0" encoding="UTF-8"?>
<testng-results ignored="2" total="3" passed="1" failed="0" skipped="0">
  <reporter-output>
  </reporter-output>
  <suite started-at="2021-10-23T10:36:04 ICT" name="Suite" finished-at="2021-10-23T10:36:12 ICT" duration-ms="8565">
    <groups>
      <group name="003">
        <method signature="TCs_Exercise2.findOneFlightTicketTest()[pri:-2, instance:TH_23_10_2021_APPLIED_TESTNG.TCs_Exercise2@fba92d3]" name="findOneFlightTicketTest" class="TH_23_10_2021_APPLIED_TESTNG.TCs_Exercise2"/>
      </group> <!-- 003 -->
      <group name="Find One Flight Ticket">
        <method signature="TCs_Exercise2.findOneFlightTicketTest()[pri:-2, instance:TH_23_10_2021_APPLIED_TESTNG.TCs_Exercise2@fba92d3]" name="findOneFlightTicketTest" class="TH_23_10_2021_APPLIED_TESTNG.TCs_Exercise2"/>
      </group> <!-- Find One Flight Ticket -->
    </groups>
    <test started-at="2021-10-23T10:36:04 ICT" name="Test" finished-at="2021-10-23T10:36:12 ICT" duration-ms="8565">
      <class name="TH_23_10_2021_APPLIED_TESTNG.TCs_Exercise2">
        <test-method signature="findOneFlightTicketTest()[pri:-2, instance:TH_23_10_2021_APPLIED_TESTNG.TCs_Exercise2@fba92d3]" started-at="2021-10-23T10:36:04 ICT" name="findOneFlightTicketTest" finished-at="2021-10-23T10:36:12 ICT" duration-ms="8527" status="PASS">
          <reporter-output>
          </reporter-output>
        </test-method> <!-- findOneFlightTicketTest -->
      </class> <!-- TH_23_10_2021_APPLIED_TESTNG.TCs_Exercise2 -->
    </test> <!-- Test -->
  </suite> <!-- Suite -->
</testng-results>
